<?xml version="1.0" encoding="UTF-8"?>
<!-- Generated by org.testng.reporters.JUnitXMLReporter -->
<testsuite ignored="4" hostname="DESKTOP-FUABKC3" failures="0" tests="6" name="Test Runner-2" time="167.005" errors="0" timestamp="2022-03-03T12:16:59 IST">
  <testcase classname="com.crm.GenericLibrary.BaseClass" name="@BeforeMethod login" time="0.003">
    <failure type="java.lang.NullPointerException" message="Cannot invoke &amp;quot;org.openqa.selenium.SearchContext.findElement(org.openqa.selenium.By)&amp;quot; because &amp;quot;this.searchContext&amp;quot; is null">
      <![CDATA[java.lang.NullPointerException: Cannot invoke "org.openqa.selenium.SearchContext.findElement(org.openqa.selenium.By)" because "this.searchContext" is null
at org.openqa.selenium.support.pagefactory.DefaultElementLocator.findElement(DefaultElementLocator.java:69)
at org.openqa.selenium.support.pagefactory.internal.LocatingElementHandler.invoke(LocatingElementHandler.java:38)
at jdk.proxy2/jdk.proxy2.$Proxy16.sendKeys(Unknown Source)
at com.crm.ObjectRepository.LoginPage.loginToApp(LoginPage.java:47)
at com.crm.GenericLibrary.BaseClass.login(BaseClass.java:78)
at java.base/java.util.ArrayList.forEach(ArrayList.java:1511)
at java.base/java.util.concurrent.FutureTask.run(FutureTask.java:264)
at java.base/java.util.concurrent.ThreadPoolExecutor.runWorker(ThreadPoolExecutor.java:1136)
at java.base/java.util.concurrent.ThreadPoolExecutor$Worker.run(ThreadPoolExecutor.java:635)
at java.base/java.lang.Thread.run(Thread.java:833)
... Removed 22 stack frames]]>
    </failure>
  </testcase> <!-- @BeforeMethod login -->
  <testcase classname="com.crm.GenericLibrary.BaseClass" name="@AfterMethod logout" time="-1.646290018578E9">
    <skipped/>
  </testcase> <!-- @AfterMethod logout -->
  <testcase classname="com.crm.OrganizationTests.CreateOrgWithIndAndTypeTest" name="createOrgWithIndAndType" time="47.77"/>
  <testcase classname="com.crm.OrganizationTests.CreateOrgWithIndAndTypeTest" name="sampleTestScript" time="0.003"/>
  <testcase classname="com.crm.OrganizationTests.CreateOrgWithIndAndTypeTest" name="sampleTestScript1" time="0.005"/>
  <testcase classname="com.crm.OrganizationTests.CreateOrgWithIndAndTypeTest" name="sampleTestScript2" time="0.003"/>
  <testcase classname="com.crm.OrganizationTests.CreateOrgWithIndAndTypeTest" name="testScript2" time="0.002"/>
  <testcase classname="com.crm.OrganizationTests.CreateOrgwithIndTypeTest" name="createOrgwithIndDropdownTest" time="0.0">
    <skipped/>
  </testcase> <!-- createOrgwithIndDropdownTest -->
  <testcase classname="com.crm.GenericLibrary.BaseClass" name="@AfterTest closeBrowser" time="0.0">
    <ignored/>
  </testcase> <!-- @AfterTest closeBrowser -->
  <testcase classname="com.crm.GenericLibrary.BaseClass" name="@BeforeTest launchTheBrowser" time="0.0">
    <ignored/>
  </testcase> <!-- @BeforeTest launchTheBrowser -->
  <testcase classname="com.crm.GenericLibrary.BaseClass" name="@AfterSuite closeDb" time="0.0">
    <ignored/>
  </testcase> <!-- @AfterSuite closeDb -->
  <testcase classname="com.crm.GenericLibrary.BaseClass" name="@BeforeSuite connectDataBase" time="0.0">
    <ignored/>
  </testcase> <!-- @BeforeSuite connectDataBase -->
</testsuite> <!-- Test Runner-2 -->
